<?xml version="1.0" encoding="UTF-8"?>
<testsuite xmlns:xsi="http://www.w3.org/2001/XMLSchema-instance" xsi:noNamespaceSchemaLocation="https://maven.apache.org/surefire/maven-surefire-plugin/xsd/surefire-test-report-3.0.xsd" version="3.0" name="com.example.CategoryAssignmentTest" time="50.517" tests="1" errors="0" skipped="0" failures="0">
  <properties>
[...]
</properties>
  <testcase name="runAssignmentTest" classname="com.example.CategoryAssignmentTest" time="50.49">
    <system-out><![CDATA[=================================================
 Starting Playwright Java Assignment Execution   
=================================================

[Step 1] Navigating to login page...
[Step 2] Logging in as admin@email.com...
[Step 3 & 4] Hovering Manage and clicking Manage Categories...
[Step 5] Adding a new category with name 'AWS'...
   -> Prompt dialog detected: Enter a Category Name
[Step 6] Verifying that 'AWS' appears in table...
   -> PASSED: AWS appears in category table!
[Step 7] Clicking on Menu and selecting Signout...
[Step 8] Clicking on 'New user? Signup'...
[Step 9] Verifying that 'AWS' is present under Category section on Signup page...
   -> PASSED: AWS present under Category section!
[Step 10] Navigating back to login page...
[Step 11] Logging in again as admin@email.com...
[Step 12 & 13] Hovering Manage and clicking Manage Categories...
[Step 14 & 15] Clicking Update next to AWS and updating name to 'Azure'...
[Step 16] Verifying that 'Azure' is updated in table...
   -> Prompt dialog detected: Update the category
   -> PASSED: Azure updated in table!
[Step 17] Clicking on Menu and selecting Signout...
[Step 18] Clicking on 'New user? Signup'...
[Step 19] Verifying that 'Azure' is present under Category section on Signup page...
   -> PASSED: Azure present under Category section!
[Step 20] Navigating back to login page...
[Step 21] Logging in again as admin@email.com...
[Step 22 & 23] Hovering Manage and clicking Manage Categories...
[Step 24 & 25] Clicking Delete next to Azure and confirming deletion...
   -> PASSED: Azure deleted from table!
[Step 26] Clicking on Menu and selecting Signout...
[Step 27] Clicking on 'New user? Signup'...
[Step 28] Verifying that 'Azure' is NO LONGER present under Category section on Signup page...
   -> PASSED: Azure successfully verified absent from Signup page!
[Step 29] Closing browser...

=================================================
 ASSIGNMENT EXECUTED SUCCESSFULLY! (All 29 Steps)
=================================================
]]></system-out>
  </testcase>
</testsuite>