<?xml version="1.0" encoding="UTF-8"?>
<testng-results ignored="0" total="1" passed="1" failed="0" skipped="0">
  <reporter-output>
  </reporter-output>
  <suite started-at="2026-09-09T17:45:55 IST" name="Default suite" finished-at="2026-09-09T17:46:07 IST" duration-ms="12162">
    <groups>
    </groups>
    <test started-at="2026-09-09T17:45:55 IST" name="Default test" finished-at="2026-09-09T17:46:07 IST" duration-ms="12162">
      <class name="com.example.LoginLogout">
        <test-method signature="loginTest()[pri:0, instance:com.example.LoginLogout@618b19ad]" started-at="2026-09-09T17:45:55 IST" name="loginTest" finished-at="2026-09-09T17:46:07 IST" duration-ms="12098" status="PASS">
          <reporter-output>
          </reporter-output>
        </test-method> <!-- loginTest -->
      </class> <!-- com.example.LoginLogout -->
    </test> <!-- Default test -->
  </suite> <!-- Default suite -->
</testng-results>
